04/04/2024 10:43:13 --- /site.html.GET took 18ms. User: unknown
04/04/2024 10:43:13 --- /js/site.js.GET took 3ms. User: unknown
04/04/2024 10:43:13 --- /user.GET took 144ms. User: 1
04/04/2024 10:43:48 --- /site.html.GET took 11ms. User: unknown
04/04/2024 10:43:48 --- /js/site.js.GET took 6ms. User: unknown
04/04/2024 10:43:49 --- /user.GET took 130ms. User: 1
04/04/2024 10:45:30 --- /site.html.GET took 12ms. User: unknown
04/04/2024 10:45:30 --- /js/site.js.GET took 6ms. User: unknown
04/04/2024 10:45:30 --- /user.GET took 154ms. User: 1
04/04/2024 10:47:40 --- /site.html.GET took 11ms. User: unknown
04/04/2024 10:47:40 --- /css/site.css.GET took 1ms. User: unknown
04/04/2024 10:47:40 --- /js/site.js.GET took 9ms. User: unknown
04/04/2024 10:47:40 --- /user.GET took 138ms. User: 1
04/04/2024 10:51:40 --- /site.html.GET took 11ms. User: unknown
04/04/2024 10:51:40 --- /js/site.js.GET took 7ms. User: unknown
04/04/2024 10:51:41 --- /user.GET took 183ms. User: 1
04/04/2024 10:53:42 --- /site.html.GET took 18ms. User: unknown
04/04/2024 10:53:42 --- /js/site.js.GET took 3ms. User: unknown
04/04/2024 10:53:42 --- /user.GET took 188ms. User: 1
04/04/2024 10:54:24 --- /site.html.GET took 12ms. User: unknown
04/04/2024 10:54:24 --- /css/site.css.GET took 2ms. User: unknown
04/04/2024 10:54:24 --- /js/site.js.GET took 7ms. User: unknown
04/04/2024 10:54:24 --- /user.GET took 168ms. User: 1
04/04/2024 11:04:21 --- /site.html.GET took 18ms. User: unknown
04/04/2024 11:04:21 --- /css/site.css.GET took 2ms. User: unknown
04/04/2024 11:04:21 --- /js/site.js.GET took 4ms. User: unknown
04/04/2024 11:04:21 --- /user.GET took 248ms. User: 1
04/04/2024 11:05:00 --- /site.html.GET took 11ms. User: unknown
04/04/2024 11:05:00 --- /js/site.js.GET took 7ms. User: unknown
04/04/2024 11:05:00 --- /user.GET took 181ms. User: 1
04/04/2024 11:05:13 --- /site.html.GET took 3ms. User: unknown
04/04/2024 11:05:13 --- /js/site.js.GET took 3ms. User: unknown
04/04/2024 11:05:13 --- /user.GET took 1ms. User: 1
04/04/2024 11:05:26 --- /site.html.GET took 9ms. User: unknown
04/04/2024 11:05:26 --- /js/site.js.GET took 0ms. User: unknown
04/04/2024 11:05:26 --- /user.GET took 135ms. User: 1
04/04/2024 11:05:30 --- /site.html.GET took 5ms. User: unknown
04/04/2024 11:05:30 --- /css/site.css.GET took 2ms. User: unknown
04/04/2024 11:05:30 --- /js/site.js.GET took 3ms. User: unknown
04/04/2024 11:05:30 --- /user.GET took 2ms. User: 1
04/04/2024 11:05:30 --- /favicon.ico.GET took 4ms. User: unknown
04/04/2024 11:06:22 --- /site.html.GET took 18ms. User: unknown
04/04/2024 11:06:23 --- /js/site.js.GET took 2ms. User: unknown
04/04/2024 11:06:23 --- /user.GET took 136ms. User: 1
04/04/2024 11:08:09 --- /site.html.GET took 13ms. User: unknown
04/04/2024 11:08:09 --- /js/site.js.GET took 5ms. User: unknown
04/04/2024 11:08:10 --- /user.GET took 138ms. User: 1
04/04/2024 11:08:24 --- /site.html.GET took 2ms. User: unknown
04/04/2024 11:08:24 --- /js/site.js.GET took 2ms. User: unknown
04/04/2024 11:08:24 --- /user.GET took 1ms. User: 1
04/04/2024 11:13:13 --- /site.html.GET took 11ms. User: unknown
04/04/2024 11:13:13 --- /js/site.js.GET took 1ms. User: unknown
04/04/2024 11:13:13 --- /user.GET took 141ms. User: 1
04/04/2024 11:14:09 --- /site.html.GET took 12ms. User: unknown
04/04/2024 11:14:09 --- /css/site.css.GET took 2ms. User: unknown
04/04/2024 11:14:09 --- /js/site.js.GET took 9ms. User: unknown
04/04/2024 11:14:09 --- /user.GET took 135ms. User: 1
04/04/2024 11:14:32 --- /site.html.GET took 12ms. User: unknown
04/04/2024 11:14:32 --- /js/site.js.GET took 7ms. User: unknown
04/04/2024 11:14:32 --- /user.GET took 131ms. User: 1
04/04/2024 11:17:12 --- /site.html.GET took 18ms. User: unknown
04/04/2024 11:17:12 --- /js/site.js.GET took 3ms. User: unknown
04/04/2024 11:17:12 --- /user.GET took 136ms. User: 1
04/04/2024 11:17:13 --- /site.html.GET took 0ms. User: unknown
04/04/2024 11:17:13 --- /js/site.js.GET took 0ms. User: unknown
04/04/2024 11:17:13 --- /user.GET took 2ms. User: 1
04/04/2024 11:17:39 --- /site.html.GET took 12ms. User: unknown
04/04/2024 11:17:39 --- /js/site.js.GET took 8ms. User: unknown
04/04/2024 11:17:40 --- /user.GET took 156ms. User: 1
04/04/2024 11:17:40 --- /site.html.GET took 1ms. User: unknown
04/04/2024 11:17:40 --- /js/site.js.GET took 0ms. User: unknown
04/04/2024 11:17:40 --- /user.GET took 1ms. User: 1
04/04/2024 11:17:43 --- /site.html.GET took 3ms. User: unknown
04/04/2024 11:17:43 --- /js/site.js.GET took 1ms. User: unknown
04/04/2024 11:17:43 --- /user.GET took 2ms. User: 1
04/04/2024 11:17:43 --- /favicon.ico.GET took 4ms. User: unknown
04/04/2024 11:17:45 --- /site.html.GET took 0ms. User: unknown
04/04/2024 11:17:45 --- /js/site.js.GET took 0ms. User: unknown
04/04/2024 11:17:45 --- /user.GET took 0ms. User: 1
04/04/2024 11:18:48 --- /index.html.GET took 19ms. User: unknown
04/04/2024 11:18:48 --- /js/login.js.GET took 5ms. User: unknown
04/04/2024 11:18:48 --- /index.html.GET took 5ms. User: unknown
04/04/2024 11:18:49 --- /todo/Login.POST took 226ms. User: unknown
04/04/2024 11:18:49 --- /site.html.GET took 0ms. User: unknown
04/04/2024 11:18:50 --- /js/site.js.GET took 2ms. User: unknown
04/04/2024 11:18:50 --- /user.GET took 52ms. User: 1
04/04/2024 11:19:15 --- /site.html.GET took 12ms. User: unknown
04/04/2024 11:19:15 --- /js/site.js.GET took 6ms. User: unknown
04/04/2024 11:19:15 --- /user.GET took 141ms. User: 1
04/04/2024 11:20:01 --- /site.html.GET took 11ms. User: unknown
04/04/2024 11:20:01 --- /js/site.js.GET took 10ms. User: unknown
04/04/2024 11:20:01 --- /user.GET took 187ms. User: 1
04/04/2024 11:20:06 --- /site.html.GET took 0ms. User: unknown
04/04/2024 11:20:06 --- /js/site.js.GET took 0ms. User: unknown
04/04/2024 11:20:06 --- /user.GET took 1ms. User: 1
04/04/2024 11:22:11 --- /site.html.GET took 11ms. User: unknown
04/04/2024 11:22:12 --- /js/site.js.GET took 7ms. User: unknown
04/04/2024 11:22:12 --- /user.GET took 147ms. User: 1
04/04/2024 11:26:37 --- /site.html.GET took 18ms. User: unknown
04/04/2024 11:26:37 --- /js/site.js.GET took 6ms. User: unknown
04/04/2024 11:26:37 --- /user.GET took 212ms. User: 1
04/04/2024 11:34:31 --- /site.html.GET took 18ms. User: unknown
04/04/2024 11:34:31 --- /css/site.css.GET took 2ms. User: unknown
04/04/2024 11:34:31 --- /js/site.js.GET took 4ms. User: unknown
04/04/2024 11:34:32 --- /user.GET took 579ms. User: 1
04/04/2024 11:35:54 --- /site.html.GET took 17ms. User: unknown
04/04/2024 11:35:54 --- /js/site.js.GET took 3ms. User: unknown
04/04/2024 11:35:55 --- /user.GET took 227ms. User: 1
04/04/2024 11:36:15 --- /site.html.GET took 16ms. User: unknown
04/04/2024 11:36:15 --- /js/site.js.GET took 2ms. User: unknown
04/04/2024 11:36:15 --- /user.GET took 198ms. User: 1
04/04/2024 11:36:17 --- /todo/tasksList.GET took 2ms. User: 1
04/04/2024 11:42:28 --- /site.html.GET took 18ms. User: unknown
04/04/2024 11:42:28 --- /js/site.js.GET took 5ms. User: unknown
04/04/2024 11:42:28 --- /user.GET took 197ms. User: 1
04/04/2024 11:42:29 --- /todo/tasksList.GET took 2ms. User: 1
04/04/2024 11:43:05 --- /site.html.GET took 12ms. User: unknown
04/04/2024 11:43:05 --- /js/site.js.GET took 6ms. User: unknown
04/04/2024 11:43:05 --- /user.GET took 234ms. User: 1
04/04/2024 11:43:06 --- /todo/tasksList.GET took 2ms. User: 1
04/04/2024 11:43:46 --- /site.html.GET took 11ms. User: unknown
04/04/2024 11:43:46 --- /js/site.js.GET took 10ms. User: unknown
04/04/2024 11:43:47 --- /user.GET took 219ms. User: 1
04/04/2024 11:43:47 --- /todo/tasksList.GET took 2ms. User: 1
04/04/2024 11:45:04 --- /site.html.GET took 20ms. User: unknown
04/04/2024 11:45:04 --- /js/site.js.GET took 3ms. User: unknown
04/04/2024 11:45:04 --- /user.GET took 199ms. User: 1
04/04/2024 11:45:05 --- /todo/tasksList.GET took 2ms. User: 1
04/04/2024 11:45:54 --- /site.html.GET took 11ms. User: unknown
04/04/2024 11:45:54 --- /css/site.css.GET took 3ms. User: unknown
04/04/2024 11:45:54 --- /js/site.js.GET took 8ms. User: unknown
04/04/2024 11:45:55 --- /user.GET took 208ms. User: 1
04/04/2024 11:45:55 --- /todo/tasksList.GET took 2ms. User: 1
